2023-11-16 14:33:45,826 - INFO - random seed (note down for reproducibility): 4447640297239039122
2023-11-16 14:33:45,835 - INFO -                                     #dataset:filename comments     image_bounding_box  base_mag  ... deconv_c2_std  pixels_to_use                                           warnings                                        Unnamed: 96
0   TCGA-AD-A5EJ-01Z-00-DX1.FA56CEAF-8B70-45EF-A2C...            (0, 0, 32614, 40488)        40  ...      0.020556         275660  |TCGA-AD-A5EJ-01Z-00-DX1.FA56CEAF-8B70-45EF-A2...  saveMacro Can't Read 'macro' Image from Slide'...
1   TCGA-F4-6855-01Z-00-DX1.41ed5985-be19-4dce-aab...            (0, 0, 53717, 47510)        40  ...      0.008719         404442  |TCGA-F4-6855-01Z-00-DX1.41ed5985-be19-4dce-aa...  saveMacro Can't Read 'macro' Image from Slide'...
2   TCGA-G4-6306-01Z-00-DX1.962227ca-b0d6-4cf4-afe...            (0, 0, 94006, 67113)        40  ...      0.009249        2826685  |TCGA-G4-6306-01Z-00-DX1.962227ca-b0d6-4cf4-af...  saveMacro Can't Read 'macro' Image from Slide'...
3   TCGA-A6-5662-01Z-00-DX1.82569684-1c31-4346-af9...            (0, 0, 24940, 77194)        40  ...      0.015775         374354  |TCGA-A6-5662-01Z-00-DX1.82569684-1c31-4346-af...  saveMacro Can't Read 'macro' Image from Slide'...
4   TCGA-AA-3841-01Z-00-DX1.10f98d09-027f-4495-9ad...           (0, 0, 47872, 114432)        20  ...      0.005083        2911995  |TCGA-AA-3841-01Z-00-DX1.10f98d09-027f-4495-9a...  saveMacro Can't Read 'macro' Image from Slide'...
5   TCGA-AA-A00E-01Z-00-DX1.ABFCAF2D-287A-445F-9F3...            (0, 0, 71168, 66304)        20  ...      0.002691        3497107  |TCGA-AA-A00E-01Z-00-DX1.ABFCAF2D-287A-445F-9F...  saveMacro Can't Read 'macro' Image from Slide'...
6   TCGA-AD-6888-01Z-00-DX1.47AE342C-4577-4D8B-904...            (0, 0, 44125, 39058)        40  ...      0.010480         772280  |TCGA-AD-6888-01Z-00-DX1.47AE342C-4577-4D8B-90...  saveMacro Can't Read 'macro' Image from Slide'...
7   TCGA-AY-A69D-01Z-00-DX1.94582A46-7470-4265-837...           (0, 0, 134231, 37325)        40  ...      0.011631        1358618  |TCGA-AY-A69D-01Z-00-DX1.94582A46-7470-4265-83...  saveMacro Can't Read 'macro' Image from Slide'...
8   TCGA-A6-5659-01Z-00-DX1.c671806f-013e-4d99-984...           (0, 0, 117028, 35092)        40  ...      0.013094         408505  |TCGA-A6-5659-01Z-00-DX1.c671806f-013e-4d99-98...  saveMacro Can't Read 'macro' Image from Slide'...
9   TCGA-AA-3548-01Z-00-DX1.41949ab5-79f2-4729-9d5...           (0, 0, 44800, 100096)        20  ...      0.005839        2026302  |TCGA-AA-3548-01Z-00-DX1.41949ab5-79f2-4729-9d...  saveMacro Can't Read 'macro' Image from Slide'...
10  TCGA-CM-6166-01Z-00-DX1.52eaa124-7ab5-4aaf-b07...           (0, 0, 142927, 84754)        40  ...      0.011694        3401177  |TCGA-CM-6166-01Z-00-DX1.52eaa124-7ab5-4aaf-b0...  saveMacro Can't Read 'macro' Image from Slide'...
11  TCGA-AA-3562-01Z-00-DX1.e07893e6-646d-41b5-be5...            (0, 0, 80128, 61184)        20  ...      0.005643        2341560  |TCGA-AA-3562-01Z-00-DX1.e07893e6-646d-41b5-be...  saveMacro Can't Read 'macro' Image from Slide'...
12  TCGA-AZ-4313-01Z-00-DX1.5e7ecf69-d1fd-4997-9dc...           (0, 0, 115109, 62467)        40  ...      0.023043        3583678  |TCGA-AZ-4313-01Z-00-DX1.5e7ecf69-d1fd-4997-9d...  saveMacro Can't Read 'macro' Image from Slide'...
13  TCGA-DM-A1DA-01Z-00-DX1.00001FEF-3B63-4C6F-952...            (0, 0, 96152, 75052)        40  ...      0.013952        3417489  |TCGA-DM-A1DA-01Z-00-DX1.00001FEF-3B63-4C6F-95...  saveMacro Can't Read 'macro' Image from Slide'...
14  TCGA-AA-A00L-01Z-00-DX1.4F57C465-BC1C-4774-B00...            (0, 0, 40192, 65792)        20  ...      0.003228         412774  |TCGA-AA-A00L-01Z-00-DX1.4F57C465-BC1C-4774-B0...  saveMacro Can't Read 'macro' Image from Slide'...
15  TCGA-AA-3520-01Z-00-DX1.3e2b41c2-eb21-4f68-894...            (0, 0, 39680, 50432)        20  ...      0.005883         358327  |TCGA-AA-3520-01Z-00-DX1.3e2b41c2-eb21-4f68-89...  saveMacro Can't Read 'macro' Image from Slide'...
16  TCGA-AA-3695-01Z-00-DX1.be93a101-7b57-4140-bd8...            (0, 0, 76544, 48384)        20  ...      0.005232        1617836  |TCGA-AA-3695-01Z-00-DX1.be93a101-7b57-4140-bd...  saveMacro Can't Read 'macro' Image from Slide'...
17  TCGA-AA-3848-01Z-00-DX1.bb018b1c-7748-4865-b00...            (0, 0, 56576, 51968)        20  ...      0.005807         401938  |TCGA-AA-3848-01Z-00-DX1.bb018b1c-7748-4865-b0...  saveMacro Can't Read 'macro' Image from Slide'...
18  TCGA-A6-A5ZU-01Z-00-DX1.8E7A136C-46C4-4233-A74...            (0, 0, 24752, 92091)        40  ...      0.011592         460702  |TCGA-A6-A5ZU-01Z-00-DX1.8E7A136C-46C4-4233-A7...  saveMacro Can't Read 'macro' Image from Slide'...
19  TCGA-AD-6964-01Z-00-DX1.83AF88B9-C59B-48C6-A73...            (0, 0, 90169, 57947)        40  ...      0.008036        1032164  |TCGA-AD-6964-01Z-00-DX1.83AF88B9-C59B-48C6-A7...  saveMacro Can't Read 'macro' Image from Slide'...
20  TCGA-F4-6854-01Z-00-DX1.a4d18769-1632-41e4-b49...            (0, 0, 47962, 83971)        40  ...      0.017945        1197851  |TCGA-F4-6854-01Z-00-DX1.a4d18769-1632-41e4-b4...  saveMacro Can't Read 'macro' Image from Slide'...
21  TCGA-D5-6531-01Z-00-DX1.32241731-5890-424e-96d...           (0, 0, 152520, 84836)        40  ...      0.009816        3020051  |TCGA-D5-6531-01Z-00-DX1.32241731-5890-424e-96...  saveMacro Can't Read 'macro' Image from Slide'...
22  TCGA-CA-5256-01Z-00-DX1.67cc2ca1-40df-4e76-be8...            (0, 0, 60432, 61254)        40  ...      0.016918        1386598  |TCGA-CA-5256-01Z-00-DX1.67cc2ca1-40df-4e76-be...  saveMacro Can't Read 'macro' Image from Slide'...
23  TCGA-D5-6927-01Z-00-DX1.ff21d627-dbb8-4200-937...           (0, 0, 101680, 37255)        40  ...      0.006870         965995  |TCGA-D5-6927-01Z-00-DX1.ff21d627-dbb8-4200-93...  saveMacro Can't Read 'macro' Image from Slide'...

[24 rows x 97 columns]
2023-11-16 14:33:46,105 - INFO - Number of slides:	24
2023-11-16 14:33:46,105 - ERROR - Column SIJD *NOT* found, please check if the column named SIJD is in the histoqc/results.tsv file.
